android/build/intermediates/manifest_merge_blame_file/debug/manifest-merger-blame-debug-report.txt
1<?xml version="1.0" encoding="utf-8"?>
2<manifest xmlns:android="http://schemas.android.com/apk/res/android"
3    package="com.sea.battle.lite"
4    android:versionCode="1"
5    android:versionName="1.0" >
6
7    <uses-sdk
8        android:minSdkVersion="14"
8-->see_batle\android\AndroidManifest.xml
9        android:targetSdkVersion="33" />
9-->see_batle\android\AndroidManifest.xml
10
11    <uses-feature
11-->see_batle\android\AndroidManifest.xml:5:5-78
12        android:glEsVersion="0x00020000"
12-->see_batle\android\AndroidManifest.xml:5:19-51
13        android:required="true" />
13-->see_batle\android\AndroidManifest.xml:5:52-75
14
15    <application
15-->see_batle\android\AndroidManifest.xml:7:5-27:19
16        android:allowBackup="true"
16-->see_batle\android\AndroidManifest.xml:8:9-35
17        android:appCategory="game"
17-->see_batle\android\AndroidManifest.xml:12:9-35
18        android:appComponentFactory="androidx.core.app.CoreComponentFactory"
18-->[androidx.core:core:1.8.0] AndroidManifest.xml:24:18-86
19        android:fullBackupContent="true"
19-->see_batle\android\AndroidManifest.xml:9:9-41
20        android:icon="@drawable/ic_launcher"
20-->see_batle\android\AndroidManifest.xml:10:9-45
21        android:isGame="true"
21-->see_batle\android\AndroidManifest.xml:11:9-30
22        android:label="@string/app_name"
22-->see_batle\android\AndroidManifest.xml:13:9-41
23        android:testOnly="true"
23-->see_batle\android\AndroidManifest.xml:7:5-27:19
24        android:theme="@style/AppTheme" >
24-->see_batle\android\AndroidManifest.xml:14:9-40
25        <activity
25-->see_batle\android\AndroidManifest.xml:16:9-26:20
26            android:name="com.sea.battle.lite.AndroidLauncher"
26-->see_batle\android\AndroidManifest.xml:17:13-63
27            android:configChanges="keyboard|keyboardHidden|navigation|orientation|screenSize|screenLayout"
27-->see_batle\android\AndroidManifest.xml:20:13-107
28            android:exported="true"
28-->see_batle\android\AndroidManifest.xml:21:13-36
29            android:label="@string/app_name"
29-->see_batle\android\AndroidManifest.xml:18:13-45
30            android:screenOrientation="landscape" >
30-->see_batle\android\AndroidManifest.xml:19:13-50
31            <intent-filter>
31-->see_batle\android\AndroidManifest.xml:22:13-25:29
32                <action android:name="android.intent.action.MAIN" />
32-->see_batle\android\AndroidManifest.xml:23:17-69
32-->see_batle\android\AndroidManifest.xml:23:25-66
33
34                <category android:name="android.intent.category.LAUNCHER" />
34-->see_batle\android\AndroidManifest.xml:24:17-77
34-->see_batle\android\AndroidManifest.xml:24:27-74
35            </intent-filter>
36        </activity>
37
38        <profileable
39            android:enabled="true"
39-->see_batle\android\AndroidManifest.xml
40            android:shell="true" />
40-->see_batle\android\AndroidManifest.xml
41    </application>
42
43</manifest>